INFO [2024-05-24 12:00:05] $x
INFO [2024-05-24 12:00:05] list(onbtrans %>% select(ISBN) %>% unlist(), dnbtrans %>% select(ISBN) %>% 
INFO [2024-05-24 12:00:05]     unlist())
INFO [2024-05-24 12:00:05] 
INFO [2024-05-24 12:00:05] $category.names
INFO [2024-05-24 12:00:05] c("ONB\n(n=8536)", "DNB\n(n=35552)")
INFO [2024-05-24 12:00:05] 
INFO [2024-05-24 12:00:05] $filename
INFO [2024-05-24 12:00:05] [1] "dnb_onb_overlap_venn.png"
INFO [2024-05-24 12:00:05] 
INFO [2024-05-24 12:00:05] $output
INFO [2024-05-24 12:00:05] [1] TRUE
INFO [2024-05-24 12:00:05] 
INFO [2024-05-24 12:00:05] $fill
INFO [2024-05-24 12:00:05] c("tomato3", "palegreen4")
INFO [2024-05-24 12:00:05] 
INFO [2024-05-24 12:00:05] $cat.pos
INFO [2024-05-24 12:00:05] c(-45, 60)
INFO [2024-05-24 12:00:05] 
INFO [2024-05-24 12:00:05] $width
INFO [2024-05-24 12:00:05] [1] 4000
INFO [2024-05-24 12:00:05] 
INFO [2024-05-24 12:00:05] $height
INFO [2024-05-24 12:00:05] [1] 4000
INFO [2024-05-24 12:00:05] 
