INFO [2024-05-24 12:00:29] $x
INFO [2024-05-24 12:00:29] list(onbtrans %>% select(ISBN) %>% unlist(), dnbtrans %>% select(ISBN) %>% 
INFO [2024-05-24 12:00:29]     unlist())
INFO [2024-05-24 12:00:29] 
INFO [2024-05-24 12:00:29] $category.names
INFO [2024-05-24 12:00:29] c("ONB\n n=8536", "DNB\n n=35552")
INFO [2024-05-24 12:00:29] 
INFO [2024-05-24 12:00:29] $filename
INFO [2024-05-24 12:00:29] [1] "dnb_onb_overlap_venn.png"
INFO [2024-05-24 12:00:29] 
INFO [2024-05-24 12:00:29] $output
INFO [2024-05-24 12:00:29] [1] TRUE
INFO [2024-05-24 12:00:29] 
INFO [2024-05-24 12:00:29] $fill
INFO [2024-05-24 12:00:29] c("tomato3", "palegreen4")
INFO [2024-05-24 12:00:29] 
INFO [2024-05-24 12:00:29] $cat.pos
INFO [2024-05-24 12:00:29] c(-45, 60)
INFO [2024-05-24 12:00:29] 
INFO [2024-05-24 12:00:29] $width
INFO [2024-05-24 12:00:29] [1] 4000
INFO [2024-05-24 12:00:29] 
INFO [2024-05-24 12:00:29] $height
INFO [2024-05-24 12:00:29] [1] 4000
INFO [2024-05-24 12:00:29] 
